TN:
SF:script/DeployPerpetualGuardian.s.sol
FN:11,DeployPerpetualGuardian.run
FNDA:0,DeployPerpetualGuardian.run
DA:12,0
DA:14,0
DA:16,0
DA:17,0
DA:23,0
DA:25,0
FNF:1
FNH:0
LF:6
LH:0
BRF:0
BRH:0
end_of_record
TN:
SF:script/HelperConfig.s.sol
FN:31,HelperConfig.getSepoliaEthConfig
FNDA:0,HelperConfig.getSepoliaEthConfig
DA:32,0
FN:39,HelperConfig.getOrCreateAnvilEthConfig
FNDA:0,HelperConfig.getOrCreateAnvilEthConfig
DA:40,0
BRDA:40,0,0,-
BRDA:40,0,1,-
DA:41,0
DA:44,0
DA:45,0
DA:46,0
DA:47,0
DA:49,0
FNF:2
FNH:0
LF:8
LH:0
BRF:2
BRH:0
end_of_record
TN:
SF:src/PerpetualGuardian.sol
FN:142,PerpetualGuardian.addLiquidity
FNDA:76,PerpetualGuardian.addLiquidity
DA:143,76
DA:145,76
FN:148,PerpetualGuardian.removeLiquidity
FNDA:5,PerpetualGuardian.removeLiquidity
DA:149,5
DA:151,5
FN:157,PerpetualGuardian.totalAssets
FNDA:21,PerpetualGuardian.totalAssets
DA:158,153
DA:159,153
BRDA:159,0,0,8
BRDA:159,0,1,145
DA:160,8
DA:161,8
DA:162,8
DA:165,145
DA:166,145
DA:167,145
DA:168,145
FN:173,PerpetualGuardian.redeem
FNDA:0,PerpetualGuardian.redeem
DA:178,0
FN:182,PerpetualGuardian.withdraw
FNDA:0,PerpetualGuardian.withdraw
DA:187,0
FN:191,PerpetualGuardian.mint
FNDA:0,PerpetualGuardian.mint
DA:195,0
FN:199,PerpetualGuardian.deposit
FNDA:0,PerpetualGuardian.deposit
DA:203,0
FN:209,PerpetualGuardian.openPosition
FNDA:39,PerpetualGuardian.openPosition
DA:214,39
BRDA:214,1,0,-
BRDA:214,1,1,39
DA:215,0
DA:217,39
BRDA:217,2,0,-
BRDA:217,2,1,39
DA:218,0
DA:221,39
BRDA:221,3,0,1
BRDA:221,3,1,38
DA:222,1
DA:225,38
DA:228,38
DA:235,38
DA:236,38
DA:239,38
DA:240,38
DA:241,38
DA:243,38
FN:253,PerpetualGuardian.decreasePosition
FNDA:7,PerpetualGuardian.decreasePosition
DA:257,7
DA:258,7
DA:259,7
DA:260,7
DA:262,7
DA:264,7
BRDA:264,4,0,2
BRDA:264,4,1,5
DA:266,2
DA:268,2
DA:271,5
DA:272,5
DA:274,5
DA:275,5
DA:279,7
DA:280,7
DA:281,7
DA:283,6
DA:288,6
DA:290,6
DA:291,6
DA:293,6
FN:296,PerpetualGuardian.increasePositionCollateral
FNDA:3,PerpetualGuardian.increasePositionCollateral
DA:299,3
DA:300,2
DA:301,2
DA:303,2
DA:305,2
DA:306,2
DA:308,2
DA:309,2
DA:311,2
FN:314,PerpetualGuardian.increasePositionSize
FNDA:9,PerpetualGuardian.increasePositionSize
DA:317,9
DA:318,9
DA:319,9
DA:320,9
DA:321,9
DA:323,9
DA:326,9
DA:327,9
DA:328,9
DA:330,6
DA:331,6
DA:337,6
FN:344,PerpetualGuardian.setPositionFeeBasisPoints
FNDA:6,PerpetualGuardian.setPositionFeeBasisPoints
DA:347,6
BRDA:347,5,0,1
BRDA:347,5,1,5
DA:348,1
DA:351,5
FN:357,PerpetualGuardian.getPosition
FNDA:27,PerpetualGuardian.getPosition
DA:360,52
DA:361,52
BRDA:361,6,0,2
BRDA:361,6,1,50
DA:362,2
DA:364,50
FN:367,PerpetualGuardian.getTradersPnL
FNDA:16,PerpetualGuardian.getTradersPnL
DA:368,169
DA:369,169
DA:371,169
DA:372,169
DA:374,169
FN:381,PerpetualGuardian.isLiquidatable
FNDA:0,PerpetualGuardian.isLiquidatable
DA:382,3
DA:383,3
DA:384,3
DA:387,3
DA:388,3
DA:392,3
DA:393,3
DA:396,3
DA:399,3
FN:402,PerpetualGuardian.liquidate
FNDA:4,PerpetualGuardian.liquidate
DA:403,4
DA:404,4
DA:406,4
BRDA:406,7,0,1
BRDA:406,7,1,3
DA:407,1
DA:410,3
BRDA:410,8,0,1
BRDA:410,8,1,2
DA:411,1
DA:415,2
DA:416,2
DA:418,2
DA:421,2
DA:424,2
DA:425,2
DA:426,2
DA:429,2
DA:431,2
DA:436,2
FN:442,PerpetualGuardian.getDaiValue
FNDA:2,PerpetualGuardian.getDaiValue
DA:443,340
DA:444,340
FN:447,PerpetualGuardian.getPrice
FNDA:1,PerpetualGuardian.getPrice
DA:448,64
FN:455,PerpetualGuardian._increasePositionsSummary
FNDA:44,PerpetualGuardian._increasePositionsSummary
DA:460,44
BRDA:460,9,0,33
BRDA:460,9,1,11
DA:461,33
DA:462,33
DA:464,11
DA:465,11
FN:470,PerpetualGuardian._decreasePositionsSummary
FNDA:8,PerpetualGuardian._decreasePositionsSummary
DA:475,8
BRDA:475,10,0,8
BRDA:475,10,1,-
DA:476,8
DA:477,8
DA:479,0
DA:480,0
FN:484,PerpetualGuardian._calculateBorrowingFee
FNDA:23,PerpetualGuardian._calculateBorrowingFee
DA:487,23
DA:490,23
DA:494,23
DA:498,23
FN:501,PerpetualGuardian._applyBorrowingFee
FNDA:20,PerpetualGuardian._applyBorrowingFee
DA:502,20
DA:503,20
DA:504,20
DA:506,20
FN:509,PerpetualGuardian._applyPositionFee
FNDA:9,PerpetualGuardian._applyPositionFee
DA:513,9
DA:517,9
DA:518,9
FN:521,PerpetualGuardian._checkPositionHealth
FNDA:56,PerpetualGuardian._checkPositionHealth
DA:525,56
DA:527,56
BRDA:527,11,0,1
BRDA:527,11,1,55
DA:528,1
DA:531,55
DA:534,55
DA:537,55
BRDA:537,12,0,3
BRDA:537,12,1,52
DA:538,3
FN:542,PerpetualGuardian._calculatePositionPnL
FNDA:68,PerpetualGuardian._calculatePositionPnL
DA:546,68
DA:549,68
DA:552,68
BRDA:552,13,0,54
BRDA:552,13,1,14
DA:553,54
DA:555,14
FNF:25
FNH:20
LF:145
LH:137
BRF:28
BRH:25
end_of_record
TN:
SF:src/PriceConverter.sol
FN:8,PriceConverter.getPrice
FNDA:404,PriceConverter.getPrice
DA:10,404
DA:12,404
FN:15,PriceConverter.getConversionRateinDai
FNDA:340,PriceConverter.getConversionRateinDai
DA:21,340
DA:22,340
DA:25,340
FNF:2
FNH:2
LF:5
LH:5
BRF:0
BRH:0
end_of_record
TN:
SF:test/mock/MockERC20.sol
FN:15,MockERC20.mint
FNDA:0,MockERC20.mint
DA:19,0
BRDA:19,0,0,-
BRDA:19,0,1,-
DA:20,0
DA:22,0
DA:23,0
FNF:1
FNH:0
LF:4
LH:0
BRF:2
BRH:0
end_of_record
TN:
SF:test/mock/MockV3Aggregator.sol
FN:29,MockV3Aggregator.updateAnswer
FNDA:15,MockV3Aggregator.updateAnswer
DA:30,15
DA:31,15
DA:32,15
DA:33,15
DA:34,15
DA:35,15
FN:38,MockV3Aggregator.updateRoundData
FNDA:0,MockV3Aggregator.updateRoundData
DA:39,0
DA:40,0
DA:41,0
DA:42,0
DA:43,0
DA:44,0
FN:47,MockV3Aggregator.getRoundData
FNDA:0,MockV3Aggregator.getRoundData
DA:52,0
FN:55,MockV3Aggregator.latestRoundData
FNDA:404,MockV3Aggregator.latestRoundData
DA:60,404
FN:69,MockV3Aggregator.description
FNDA:0,MockV3Aggregator.description
DA:70,0
FNF:5
FNH:2
LF:15
LH:7
BRF:0
BRH:0
end_of_record
